\BOOKMARK [1][-]{section.1}{\376\377\176\352\213\272}{}% 1
\BOOKMARK [2][-]{subsection.1.1}{\376\377\230\171\166\356\200\314\146\157}{section.1}% 2
\BOOKMARK [2][-]{subsection.1.2}{\376\377\230\171\166\356\141\017\116\111}{section.1}% 3
\BOOKMARK [2][-]{subsection.1.3}{\376\377\230\171\166\356\173\200\116\313}{section.1}% 4
\BOOKMARK [2][-]{subsection.1.4}{\376\377\213\272\145\207\116\073\211\201\176\323\147\204}{section.1}% 5
\BOOKMARK [1][-]{section.2}{\376\377\166\370\121\163\142\200\147\057\116\345\123\312\150\106\147\266\116\313\176\315}{}% 6
\BOOKMARK [2][-]{subsection.2.1}{\376\377\137\256\117\341\134\017\172\013\136\217\142\200\147\057}{section.2}% 7
\BOOKMARK [2][-]{subsection.2.2}{\376\377\000p\000y\000t\000h\000o\000n\000\040\116\016\000\040\000D\000j\000a\000n\000g\000o\137\000\123\321\150\106\147\266}{section.2}% 8
\BOOKMARK [3][-]{subsubsection.2.2.1}{\376\377\000D\000j\000a\000n\000g\000o\000\040\000M\000T\000V\152\041\127\213}{subsection.2.2}% 9
\BOOKMARK [3][-]{subsubsection.2.2.2}{\376\377\000D\000j\000a\000n\000g\000o\000\040\000U\000R\000L\215\357\165\061\122\006\221\115\174\373\176\337}{subsection.2.2}% 10
\BOOKMARK [3][-]{subsubsection.2.2.3}{\376\377\000D\000j\000a\000n\000g\000o\000\040\000O\000R\000M\145\160\143\156\136\223\144\315\117\134}{subsection.2.2}% 11
\BOOKMARK [2][-]{subsection.2.3}{\376\377\000r\000e\000s\000t\000f\000u\000l\000A\000P\000I\150\007\121\306}{section.2}% 12
\BOOKMARK [2][-]{subsection.2.4}{\376\377\000s\000q\000l\000s\000e\000r\000v\000e\000r}{section.2}% 13
\BOOKMARK [1][-]{section.3}{\376\377\227\000\154\102\122\006\147\220\116\016\140\073\117\123\213\276\213\241}{}% 14
\BOOKMARK [2][-]{subsection.3.1}{\376\377\227\000\154\102\122\006\147\220}{section.3}% 15
\BOOKMARK [3][-]{subsubsection.3.1.1}{\376\377\217\157\116\366\227\000\154\102\122\006\147\220}{subsection.3.1}% 16
\BOOKMARK [3][-]{subsubsection.3.1.2}{\376\377\174\373\176\337\123\357\210\114\140\047\122\006\147\220}{subsection.3.1}% 17
\BOOKMARK [3][-]{subsubsection.3.1.3}{\376\377\122\237\200\375\227\000\154\102\122\006\147\220}{subsection.3.1}% 18
\BOOKMARK [3][-]{subsubsection.3.1.4}{\376\377\174\373\176\337\140\047\200\375\227\000\154\102\122\006\147\220}{subsection.3.1}% 19
\BOOKMARK [3][-]{subsubsection.3.1.5}{\376\377\166\356\150\007\174\373\176\337\211\201\154\102}{subsection.3.1}% 20
\BOOKMARK [2][-]{subsection.3.2}{\376\377\140\073\117\123\213\276\213\241}{section.3}% 21
\BOOKMARK [3][-]{subsubsection.3.2.1}{\376\377\154\350\121\214\000/\166\173\226\106\152\041\127\127\213\276\213\241}{subsection.3.2}% 22
\BOOKMARK [3][-]{subsubsection.3.2.2}{\376\377\133\146\165\037\152\041\127\127\213\276\213\241}{subsection.3.2}% 23
\BOOKMARK [3][-]{subsubsection.3.2.3}{\376\377\200\001\136\010\152\041\127\127\213\276\213\241}{subsection.3.2}% 24
\BOOKMARK [3][-]{subsubsection.3.2.4}{\376\377\173\241\164\006\124\130\152\041\127\127\213\276\213\241}{subsection.3.2}% 25
\BOOKMARK [1][-]{section.4}{\376\377\213\346\176\306\213\276\213\241\116\016\133\236\163\260}{}% 26
\BOOKMARK [2][-]{subsection.4.1}{\376\377\163\257\130\203\221\115\177\156}{section.4}% 27
\BOOKMARK [3][-]{subsubsection.4.1.1}{\376\377\134\017\172\013\136\217\154\350\121\214}{subsection.4.1}% 28
\BOOKMARK [3][-]{subsubsection.4.1.2}{\376\377\137\000\123\321\163\257\130\203\116\016\137\000\123\321\135\345\121\167}{subsection.4.1}% 29
\BOOKMARK [3][-]{subsubsection.4.1.3}{\376\377\147\015\122\241\126\150\217\157\116\366\170\154\116\366\163\257\130\203}{subsection.4.1}% 30
\BOOKMARK [2][-]{subsection.4.2}{\376\377\145\160\143\156\136\223\213\276\213\241\116\016\133\236\163\260}{section.4}% 31
\BOOKMARK [2][-]{subsection.4.3}{\376\377\124\004\122\237\200\375\152\041\127\127\213\346\176\306\213\276\213\241\116\016\133\236\163\260}{section.4}% 32
\BOOKMARK [3][-]{subsubsection.4.3.1}{\376\377\166\173\226\106\000/\154\350\121\214\152\041\127\127}{subsection.4.3}% 33
\BOOKMARK [3][-]{subsubsection.4.3.2}{\376\377\200\001\136\010\122\237\200\375\152\041\127\127}{subsection.4.3}% 34
\BOOKMARK [3][-]{subsubsection.4.3.3}{\376\377\133\146\165\037\122\237\200\375\152\041\127\127}{subsection.4.3}% 35
\BOOKMARK [3][-]{subsubsection.4.3.4}{\376\377\173\241\164\006\124\130\122\237\200\375\152\041\127\127}{subsection.4.3}% 36
\BOOKMARK [2][-]{subsection.4.4}{\376\377\121\163\225\056\142\200\147\057\133\236\163\260}{section.4}% 37
\BOOKMARK [3][-]{subsubsection.4.4.1}{\376\377\137\256\117\341\134\017\172\013\136\217\143\245\121\145}{subsection.4.4}% 38
\BOOKMARK [3][-]{subsubsection.4.4.2}{\376\377\000R\000e\000s\000t\000f\000u\000l\000\040\000A\000P\000I\143\245\123\343\213\276\213\241}{subsection.4.4}% 39
\BOOKMARK [3][-]{subsubsection.4.4.3}{\376\377\000D\000j\000a\000n\000g\000o\000\040\215\357\165\061\122\006\221\115\174\373\176\337}{subsection.4.4}% 40
\BOOKMARK [3][-]{subsubsection.4.4.4}{\376\377\000D\000j\000a\000n\000g\000o\000-\000O\000R\000M\145\160\143\156\136\223\144\315\117\134}{subsection.4.4}% 41
\BOOKMARK [1][-]{section.5}{\376\377\140\073\176\323\124\214\134\125\147\033}{}% 42
\BOOKMARK [2][-]{subsection.5.1}{\376\377\140\073\176\323}{section.5}% 43
\BOOKMARK [2][-]{subsection.5.2}{\376\377\134\125\147\033}{section.5}% 44
\BOOKMARK [1][-]{section*.24}{\376\377\123\302\200\003\145\207\163\056}{}% 45
\BOOKMARK [1][-]{section*.25}{\376\377\201\364\214\042}{}% 46
\BOOKMARK [1][-]{section*.26}{\376\377\226\104\137\125}{}% 47
